2022-12-10 00:34:29.819 | INFO     | __main__:song:96 - response.url: https://netease.pengfeima.cn/song/url/v1?id=1974443814&level=standard
2022-12-10 00:34:31.604 | INFO     | __main__:song_detail:80 - response.url: https://netease.pengfeima.cn/song/detail?ids=1974443814
2022-12-10 00:34:33.837 | INFO     | __main__:song_lyric:71 - response.url: https://netease.pengfeima.cn/lyric?id=1974443814
2022-12-10 00:34:35.433 | INFO     | __main__:song:96 - response.url: https://netease.pengfeima.cn/song/url/v1?id=1974443814&level=standard
2022-12-10 00:34:35.434 | INFO     | __main__:song_download:102 - url_song: http://m701.music.126.net/20221210005929/d20dc109e89a1743de4d6452145d4aac/jdymusic/obj/wo3DlMOGwrbDjj7DisKw/17718433824/acca/41eb/8112/efa4dce840121844afcb957bcb2d4fd1.mp3
2022-12-10 00:34:35.434 | INFO     | __main__:song_download:103 - song_path: 1974443814
2022-12-10 00:34:36.549 | INFO     | __main__:song_download:115 - response.url: http://m701.music.126.net/20221210005929/d20dc109e89a1743de4d6452145d4aac/jdymusic/obj/wo3DlMOGwrbDjj7DisKw/17718433824/acca/41eb/8112/efa4dce840121844afcb957bcb2d4fd1.mp3
2022-12-10 00:36:53.209 | INFO     | __main__:song:96 - response.url: https://netease.pengfeima.cn/song/url/v1?id=1309394503&level=standard
2022-12-10 00:36:56.450 | INFO     | __main__:song_detail:80 - response.url: https://netease.pengfeima.cn/song/detail?ids=1309394503
2022-12-10 00:36:59.861 | INFO     | __main__:song_lyric:71 - response.url: https://netease.pengfeima.cn/lyric?id=1309394503
2022-12-10 00:37:00.731 | INFO     | __main__:song:96 - response.url: https://netease.pengfeima.cn/song/url/v1?id=1309394503&level=standard
2022-12-10 00:37:00.731 | INFO     | __main__:song_download:102 - url_song: http://m7.music.126.net/20221210010153/1aa67ebffcac2477145cb7bb95ffa282/ymusic/obj/w5zDlMODwrDDiGjCn8Ky/2673470795/0882/aa9b/62d5/c43fe70a776305b5b996bb4eaaae7260.mp3
2022-12-10 00:37:00.731 | INFO     | __main__:song_download:103 - song_path: 1309394503
2022-12-10 00:37:01.385 | INFO     | __main__:song_download:115 - response.url: http://m7.music.126.net/20221210010153/1aa67ebffcac2477145cb7bb95ffa282/ymusic/obj/w5zDlMODwrDDiGjCn8Ky/2673470795/0882/aa9b/62d5/c43fe70a776305b5b996bb4eaaae7260.mp3
2022-12-10 00:38:28.780 | INFO     | __main__:song:96 - response.url: https://netease.pengfeima.cn/song/url/v1?id=29818028&level=standard
2022-12-10 00:38:30.374 | INFO     | __main__:song_detail:80 - response.url: https://netease.pengfeima.cn/song/detail?ids=29818028
2022-12-10 00:38:33.235 | INFO     | __main__:song_lyric:71 - response.url: https://netease.pengfeima.cn/lyric?id=29818028
2022-12-10 00:38:34.484 | INFO     | __main__:song:96 - response.url: https://netease.pengfeima.cn/song/url/v1?id=29818028&level=standard
2022-12-10 00:38:34.485 | INFO     | __main__:song_download:102 - url_song: http://m7.music.126.net/20221210011250/cd52176d5b3470d3a922ba95bdccf12e/ymusic/cfb4/dffb/85ea/e8a14eedcc2949d9cfc260bfe6aad794.mp3
2022-12-10 00:38:34.485 | INFO     | __main__:song_download:103 - song_path: 29818028
2022-12-10 00:38:39.511 | INFO     | __main__:song_download:115 - response.url: http://m7.music.126.net/20221210011250/cd52176d5b3470d3a922ba95bdccf12e/ymusic/cfb4/dffb/85ea/e8a14eedcc2949d9cfc260bfe6aad794.mp3
